2024-11-26 15:25:36 INFO  TC_01:23 - ***** TC_01 Started *****
2024-11-26 15:25:37 INFO  TC_01:28 - ***** Register opened *****
2024-11-26 15:25:39 INFO  TC_01:42 - ***** Details Filled *****
2024-11-26 15:25:39 INFO  TC_01:45 - ***** Continue *****
2024-11-26 15:25:39 INFO  TC_01:51 - ***** Assertion Done *****
2024-11-26 15:25:39 INFO  TC_01:61 - ***** TC_01 Finished....... *****
2024-11-26 15:25:43 INFO  TC_02:18 - ***** Starting TC_02 *****
2024-11-26 15:25:53 INFO  TC_02:46 - ***** Finished TC_02 *****
2024-11-26 15:26:28 INFO  TC_02_DDT:17 - ***** stating TC_003_LoginDDT ******
2024-11-26 15:26:35 INFO  TC_02_DDT:71 - ***** Finished TC_003_LoginDDT ******
2024-11-26 15:26:35 INFO  TC_02_DDT:17 - ***** stating TC_003_LoginDDT ******
2024-11-26 15:26:44 INFO  TC_02_DDT:71 - ***** Finished TC_003_LoginDDT ******
2024-11-26 15:26:44 INFO  TC_02_DDT:17 - ***** stating TC_003_LoginDDT ******
2024-11-26 15:26:47 INFO  TC_02_DDT:17 - ***** stating TC_003_LoginDDT ******
2024-11-26 16:01:56 INFO  TC_01:23 - ***** TC_01 Started *****
2024-11-26 16:01:57 INFO  TC_01:28 - ***** Register opened *****
2024-11-26 16:02:00 INFO  TC_01:42 - ***** Details Filled *****
2024-11-26 16:02:00 INFO  TC_01:45 - ***** Continue *****
2024-11-26 16:02:01 INFO  TC_01:51 - ***** Assertion Done *****
2024-11-26 16:02:01 INFO  TC_01:61 - ***** TC_01 Finished....... *****
2024-11-26 16:02:05 INFO  TC_02:18 - ***** Starting TC_02 *****
2024-11-26 16:02:13 INFO  TC_02:46 - ***** Finished TC_02 *****
2024-11-26 16:02:19 INFO  TC_02_DDT:17 - ***** stating TC_003_LoginDDT ******
2024-11-26 16:02:25 INFO  TC_02_DDT:71 - ***** Finished TC_003_LoginDDT ******
2024-11-26 16:02:25 INFO  TC_02_DDT:17 - ***** stating TC_003_LoginDDT ******
2024-11-26 16:02:32 INFO  TC_02_DDT:71 - ***** Finished TC_003_LoginDDT ******
2024-11-26 16:02:32 INFO  TC_02_DDT:17 - ***** stating TC_003_LoginDDT ******
2024-11-26 16:02:36 INFO  TC_02_DDT:17 - ***** stating TC_003_LoginDDT ******
2024-11-26 16:11:16 INFO  TC_01:23 - ***** TC_01 Started *****
2024-11-26 16:11:17 INFO  TC_01:28 - ***** Register opened *****
2024-11-26 16:11:19 INFO  TC_01:42 - ***** Details Filled *****
2024-11-26 16:11:21 INFO  TC_01:45 - ***** Continue *****
2024-11-26 16:11:21 INFO  TC_01:51 - ***** Assertion Done *****
2024-11-26 16:11:21 INFO  TC_01:61 - ***** TC_01 Finished....... *****
2024-11-26 16:11:25 INFO  TC_02:18 - ***** Starting TC_02 *****
2024-11-26 16:11:33 INFO  TC_02:46 - ***** Finished TC_02 *****
2024-11-26 16:11:39 INFO  TC_02_DDT:17 - ***** stating TC_003_LoginDDT ******
2024-11-26 16:11:44 INFO  TC_02_DDT:71 - ***** Finished TC_003_LoginDDT ******
2024-11-26 16:11:44 INFO  TC_02_DDT:17 - ***** stating TC_003_LoginDDT ******
2024-11-26 16:11:52 INFO  TC_02_DDT:71 - ***** Finished TC_003_LoginDDT ******
2024-11-26 16:11:52 INFO  TC_02_DDT:17 - ***** stating TC_003_LoginDDT ******
2024-11-26 16:11:55 INFO  TC_02_DDT:17 - ***** stating TC_003_LoginDDT ******
